<?xml version="1.0" encoding="UTF-8" ?>
<testsuite tests="6" failures="0" name="TestUser" time="1.138" errors="0" skipped="0">
  <properties>
[...]
</properties>
  <testcase classname="TestUser" name="getCourseById" time="0.757"/>
  <testcase classname="TestUser" name="getAllCourse" time="0.298"/>
  <testcase classname="TestUser" name="register" time="0.004"/>
  <testcase classname="TestUser" name="checkPhone" time="0.002"/>
  <testcase classname="TestUser" name="login" time="0.009"/>
  <testcase classname="TestUser" name="getCourseByUserId" time="0.068"/>
</testsuite>